<?xml version="1.0" encoding="UTF-8" ?>
<testsuite tests="7" failures="0" name="ru.liga.database.DAOCurrencyTest" time="0.376" errors="0" skipped="0">
  <properties>
[...]
</properties>
  <testcase classname="ru.liga.database.DAOCurrencyTest" name="testGetInfoAMD" time="0.276"/>
  <testcase classname="ru.liga.database.DAOCurrencyTest" name="testGetInfoBGN" time="0.025"/>
  <testcase classname="ru.liga.database.DAOCurrencyTest" name="testGetInfoEUR" time="0.02"/>
  <testcase classname="ru.liga.database.DAOCurrencyTest" name="testGetInfoTRY" time="0.029"/>
  <testcase classname="ru.liga.database.DAOCurrencyTest" name="testGetInfoUSD" time="0.024"/>
  <testcase classname="ru.liga.database.DAOCurrencyTest" name="testGetInfoIncorrectCurrency" time="0.002"/>
  <testcase classname="ru.liga.database.DAOCurrencyTest" name="testGetInfoEmptyArgument" time="0"/>
</testsuite>